<?xml version="1.0" encoding="UTF-8"?>
<coverage generated="1683454607603" clover="3.2.0">
  <project timestamp="1683454607603" name="All files">
    <metrics statements="56" coveredstatements="49" conditionals="7" coveredconditionals="5" methods="17" coveredmethods="11" elements="80" coveredelements="65" complexity="0" loc="56" ncloc="56" packages="5" files="7" classes="7">
      <package name="config">
        <metrics statements="6" coveredstatements="4" conditionals="4" coveredconditionals="2" methods="0" coveredmethods="0"/>
        <file name="dev.js" path="F:\Node Udemy\Advance\Project1\AdvancedNodeStarter\config\dev.js">
          <metrics statements="1" coveredstatements="1" conditionals="0" coveredconditionals="0" methods="0" coveredmethods="0"/>
          <line num="1" count="2" type="stmt"/>
        </file>
        <file name="keys.js" path="F:\Node Udemy\Advance\Project1\AdvancedNodeStarter\config\keys.js">
          <metrics statements="5" coveredstatements="3" conditionals="4" coveredconditionals="2" methods="0" coveredmethods="0"/>
          <line num="1" count="2" type="cond" truecount="1" falsecount="1"/>
          <line num="2" count="0" type="stmt"/>
          <line num="3" count="2" type="cond" truecount="1" falsecount="1"/>
          <line num="4" count="0" type="stmt"/>
          <line num="6" count="2" type="stmt"/>
        </file>
      </package>
      <package name="models">
        <metrics statements="4" coveredstatements="4" conditionals="0" coveredconditionals="0" methods="0" coveredmethods="0"/>
        <file name="User.js" path="F:\Node Udemy\Advance\Project1\AdvancedNodeStarter\models\User.js">
          <metrics statements="4" coveredstatements="4" conditionals="0" coveredconditionals="0" methods="0" coveredmethods="0"/>
          <line num="1" count="2" type="stmt"/>
          <line num="2" count="2" type="stmt"/>
          <line num="4" count="2" type="stmt"/>
          <line num="9" count="2" type="stmt"/>
        </file>
      </package>
      <package name="tests">
        <metrics statements="8" coveredstatements="8" conditionals="0" coveredconditionals="0" methods="1" coveredmethods="1"/>
        <file name="setup.js" path="F:\Node Udemy\Advance\Project1\AdvancedNodeStarter\tests\setup.js">
          <metrics statements="8" coveredstatements="8" conditionals="0" coveredconditionals="0" methods="1" coveredmethods="1"/>
          <line num="1" count="2" type="stmt"/>
          <line num="3" count="2" type="stmt"/>
          <line num="5" count="2" type="stmt"/>
          <line num="6" count="2" type="stmt"/>
          <line num="8" count="2" type="stmt"/>
          <line num="9" count="2" type="stmt"/>
          <line num="14" count="2" type="stmt"/>
          <line num="15" count="2" type="stmt"/>
        </file>
      </package>
      <package name="tests.factories">
        <metrics statements="13" coveredstatements="13" conditionals="0" coveredconditionals="0" methods="2" coveredmethods="2"/>
        <file name="sessionFactory.js" path="F:\Node Udemy\Advance\Project1\AdvancedNodeStarter\tests\factories\sessionFactory.js">
          <metrics statements="9" coveredstatements="9" conditionals="0" coveredconditionals="0" methods="1" coveredmethods="1"/>
          <line num="1" count="2" type="stmt"/>
          <line num="2" count="2" type="stmt"/>
          <line num="3" count="2" type="stmt"/>
          <line num="4" count="2" type="stmt"/>
          <line num="6" count="2" type="stmt"/>
          <line num="7" count="5" type="stmt"/>
          <line num="12" count="5" type="stmt"/>
          <line num="14" count="5" type="stmt"/>
          <line num="16" count="5" type="stmt"/>
        </file>
        <file name="userFactory.js" path="F:\Node Udemy\Advance\Project1\AdvancedNodeStarter\tests\factories\userFactory.js">
          <metrics statements="4" coveredstatements="4" conditionals="0" coveredconditionals="0" methods="1" coveredmethods="1"/>
          <line num="1" count="2" type="stmt"/>
          <line num="2" count="2" type="stmt"/>
          <line num="4" count="2" type="stmt"/>
          <line num="5" count="5" type="stmt"/>
        </file>
      </package>
      <package name="tests.helpers">
        <metrics statements="25" coveredstatements="20" conditionals="3" coveredconditionals="3" methods="14" coveredmethods="8"/>
        <file name="page.js" path="F:\Node Udemy\Advance\Project1\AdvancedNodeStarter\tests\helpers\page.js">
          <metrics statements="25" coveredstatements="20" conditionals="3" coveredconditionals="3" methods="14" coveredmethods="8"/>
          <line num="1" count="2" type="stmt"/>
          <line num="2" count="2" type="stmt"/>
          <line num="3" count="2" type="stmt"/>
          <line num="7" count="8" type="stmt"/>
          <line num="11" count="8" type="stmt"/>
          <line num="12" count="8" type="stmt"/>
          <line num="14" count="8" type="stmt"/>
          <line num="16" count="211" type="cond" truecount="3" falsecount="0"/>
          <line num="22" count="8" type="stmt"/>
          <line num="26" count="5" type="stmt"/>
          <line num="30" count="5" type="stmt"/>
          <line num="32" count="5" type="stmt"/>
          <line num="36" count="5" type="stmt"/>
          <line num="40" count="5" type="stmt"/>
          <line num="41" count="5" type="stmt"/>
          <line num="45" count="0" type="stmt"/>
          <line num="49" count="1" type="stmt"/>
          <line num="50" count="0" type="stmt"/>
          <line num="56" count="0" type="stmt"/>
          <line num="61" count="1" type="stmt"/>
          <line num="63" count="0" type="stmt"/>
          <line num="70" count="0" type="stmt"/>
          <line num="78" count="1" type="stmt"/>
          <line num="84" count="2" type="stmt"/>
          <line num="90" count="2" type="stmt"/>
        </file>
      </package>
    </metrics>
  </project>
</coverage>
