{"F:\\Node Udemy\\Advance\\Project1\\AdvancedNodeStarter\\config\\dev.js": {"path":"F:\\Node Udemy\\Advance\\Project1\\AdvancedNodeStarter\\config\\dev.js","statementMap":{"0":{"start":{"line":1,"column":0},"end":{"line":6,"column":2}}},"fnMap":{},"branchMap":{},"s":{"0":2},"f":{},"b":{},"_coverageSchema":"332fd63041d2c1bcb487cc26dd0d5f7d97098a6c","hash":"8240d8d79c50e7ac3ebc449a84c0749638799f23"}
,"F:\\Node Udemy\\Advance\\Project1\\AdvancedNodeStarter\\config\\keys.js": {"path":"F:\\Node Udemy\\Advance\\Project1\\AdvancedNodeStarter\\config\\keys.js","statementMap":{"0":{"start":{"line":1,"column":0},"end":{"line":7,"column":1}},"1":{"start":{"line":2,"column":2},"end":{"line":2,"column":37}},"2":{"start":{"line":3,"column":7},"end":{"line":7,"column":1}},"3":{"start":{"line":4,"column":2},"end":{"line":4,"column":35}},"4":{"start":{"line":6,"column":2},"end":{"line":6,"column":36}}},"fnMap":{},"branchMap":{"0":{"loc":{"start":{"line":1,"column":0},"end":{"line":7,"column":1}},"type":"if","locations":[{"start":{"line":1,"column":0},"end":{"line":7,"column":1}},{"start":{"line":1,"column":0},"end":{"line":7,"column":1}}],"line":1},"1":{"loc":{"start":{"line":3,"column":7},"end":{"line":7,"column":1}},"type":"if","locations":[{"start":{"line":3,"column":7},"end":{"line":7,"column":1}},{"start":{"line":3,"column":7},"end":{"line":7,"column":1}}],"line":3}},"s":{"0":2,"1":0,"2":2,"3":0,"4":2},"f":{},"b":{"0":[0,2],"1":[0,2]},"_coverageSchema":"332fd63041d2c1bcb487cc26dd0d5f7d97098a6c","hash":"b58f4c14ef1c459a01137f848f35cd1f159331c6"}
,"F:\\Node Udemy\\Advance\\Project1\\AdvancedNodeStarter\\models\\User.js": {"path":"F:\\Node Udemy\\Advance\\Project1\\AdvancedNodeStarter\\models\\User.js","statementMap":{"0":{"start":{"line":1,"column":17},"end":{"line":1,"column":36}},"1":{"start":{"line":2,"column":19},"end":{"line":2,"column":27}},"2":{"start":{"line":4,"column":19},"end":{"line":7,"column":2}},"3":{"start":{"line":9,"column":0},"end":{"line":9,"column":35}}},"fnMap":{},"branchMap":{},"s":{"0":2,"1":2,"2":2,"3":2},"f":{},"b":{},"_coverageSchema":"332fd63041d2c1bcb487cc26dd0d5f7d97098a6c","hash":"c8515bcff1ae48f33e8e57babd193c8e4c5c1918"}
,"F:\\Node Udemy\\Advance\\Project1\\AdvancedNodeStarter\\tests\\setup.js": {"path":"F:\\Node Udemy\\Advance\\Project1\\AdvancedNodeStarter\\tests\\setup.js","statementMap":{"0":{"start":{"line":1,"column":0},"end":{"line":1,"column":23}},"1":{"start":{"line":3,"column":0},"end":{"line":3,"column":26}},"2":{"start":{"line":5,"column":17},"end":{"line":5,"column":36}},"3":{"start":{"line":6,"column":13},"end":{"line":6,"column":38}},"4":{"start":{"line":8,"column":0},"end":{"line":8,"column":34}},"5":{"start":{"line":9,"column":0},"end":{"line":12,"column":3}},"6":{"start":{"line":14,"column":0},"end":{"line":16,"column":3}},"7":{"start":{"line":15,"column":4},"end":{"line":15,"column":32}}},"fnMap":{"0":{"name":"(anonymous_0)","decl":{"start":{"line":14,"column":9},"end":{"line":14,"column":10}},"loc":{"start":{"line":14,"column":21},"end":{"line":16,"column":1}},"line":14}},"branchMap":{},"s":{"0":2,"1":2,"2":2,"3":2,"4":2,"5":2,"6":2,"7":2},"f":{"0":2},"b":{},"_coverageSchema":"332fd63041d2c1bcb487cc26dd0d5f7d97098a6c","hash":"86414c6cea64ab4773e8207fa5c6a2adfdda1703"}
,"F:\\Node Udemy\\Advance\\Project1\\AdvancedNodeStarter\\tests\\factories\\sessionFactory.js": {"path":"F:\\Node Udemy\\Advance\\Project1\\AdvancedNodeStarter\\tests\\factories\\sessionFactory.js","statementMap":{"0":{"start":{"line":1,"column":15},"end":{"line":1,"column":44}},"1":{"start":{"line":2,"column":16},"end":{"line":2,"column":34}},"2":{"start":{"line":3,"column":13},"end":{"line":3,"column":41}},"3":{"start":{"line":4,"column":16},"end":{"line":4,"column":45}},"4":{"start":{"line":6,"column":0},"end":{"line":20,"column":2}},"5":{"start":{"line":7,"column":26},"end":{"line":11,"column":5}},"6":{"start":{"line":12,"column":20},"end":{"line":12,"column":81}},"7":{"start":{"line":14,"column":16},"end":{"line":14,"column":50}},"8":{"start":{"line":16,"column":4},"end":{"line":19,"column":6}}},"fnMap":{"0":{"name":"(anonymous_0)","decl":{"start":{"line":6,"column":17},"end":{"line":6,"column":18}},"loc":{"start":{"line":6,"column":27},"end":{"line":20,"column":1}},"line":6}},"branchMap":{},"s":{"0":2,"1":2,"2":2,"3":2,"4":2,"5":5,"6":5,"7":5,"8":5},"f":{"0":5},"b":{},"_coverageSchema":"332fd63041d2c1bcb487cc26dd0d5f7d97098a6c","hash":"cd53001e2a595432cd2951c209588fb8d71780d4"}
,"F:\\Node Udemy\\Advance\\Project1\\AdvancedNodeStarter\\tests\\factories\\userFactory.js": {"path":"F:\\Node Udemy\\Advance\\Project1\\AdvancedNodeStarter\\tests\\factories\\userFactory.js","statementMap":{"0":{"start":{"line":1,"column":17},"end":{"line":1,"column":36}},"1":{"start":{"line":2,"column":13},"end":{"line":2,"column":35}},"2":{"start":{"line":4,"column":0},"end":{"line":6,"column":2}},"3":{"start":{"line":5,"column":4},"end":{"line":5,"column":31}}},"fnMap":{"0":{"name":"(anonymous_0)","decl":{"start":{"line":4,"column":17},"end":{"line":4,"column":18}},"loc":{"start":{"line":4,"column":23},"end":{"line":6,"column":1}},"line":4}},"branchMap":{},"s":{"0":2,"1":2,"2":2,"3":5},"f":{"0":5},"b":{},"_coverageSchema":"332fd63041d2c1bcb487cc26dd0d5f7d97098a6c","hash":"dd979a59e7f2db73e7a6de38396af8db2f0365c8"}
,"F:\\Node Udemy\\Advance\\Project1\\AdvancedNodeStarter\\tests\\helpers\\page.js": {"path":"F:\\Node Udemy\\Advance\\Project1\\AdvancedNodeStarter\\tests\\helpers\\page.js","statementMap":{"0":{"start":{"line":1,"column":18},"end":{"line":1,"column":38}},"1":{"start":{"line":2,"column":23},"end":{"line":2,"column":61}},"2":{"start":{"line":3,"column":20},"end":{"line":3,"column":55}},"3":{"start":{"line":7,"column":24},"end":{"line":9,"column":10}},"4":{"start":{"line":11,"column":21},"end":{"line":11,"column":44}},"5":{"start":{"line":12,"column":27},"end":{"line":12,"column":47}},"6":{"start":{"line":14,"column":8},"end":{"line":18,"column":11}},"7":{"start":{"line":16,"column":16},"end":{"line":16,"column":83}},"8":{"start":{"line":22,"column":8},"end":{"line":22,"column":25}},"9":{"start":{"line":26,"column":21},"end":{"line":26,"column":40}},"10":{"start":{"line":30,"column":12},"end":{"line":30,"column":32}},"11":{"start":{"line":32,"column":8},"end":{"line":35,"column":11}},"12":{"start":{"line":36,"column":8},"end":{"line":39,"column":11}},"13":{"start":{"line":40,"column":8},"end":{"line":40,"column":53}},"14":{"start":{"line":41,"column":8},"end":{"line":41,"column":58}},"15":{"start":{"line":45,"column":8},"end":{"line":45,"column":61}},"16":{"start":{"line":45,"column":47},"end":{"line":45,"column":59}},"17":{"start":{"line":49,"column":8},"end":{"line":57,"column":17}},"18":{"start":{"line":50,"column":12},"end":{"line":56,"column":39}},"19":{"start":{"line":56,"column":27},"end":{"line":56,"column":37}},"20":{"start":{"line":61,"column":8},"end":{"line":74,"column":10}},"21":{"start":{"line":63,"column":16},"end":{"line":70,"column":43}},"22":{"start":{"line":70,"column":31},"end":{"line":70,"column":41}},"23":{"start":{"line":78,"column":8},"end":{"line":86,"column":10}},"24":{"start":{"line":84,"column":16},"end":{"line":84,"column":48}},"25":{"start":{"line":90,"column":0},"end":{"line":90,"column":28}}},"fnMap":{"0":{"name":"(anonymous_0)","decl":{"start":{"line":6,"column":4},"end":{"line":6,"column":5}},"loc":{"start":{"line":6,"column":25},"end":{"line":19,"column":5}},"line":6},"1":{"name":"(anonymous_1)","decl":{"start":{"line":15,"column":17},"end":{"line":15,"column":18}},"loc":{"start":{"line":15,"column":45},"end":{"line":17,"column":13}},"line":15},"2":{"name":"(anonymous_2)","decl":{"start":{"line":21,"column":4},"end":{"line":21,"column":5}},"loc":{"start":{"line":21,"column":22},"end":{"line":23,"column":5}},"line":21},"3":{"name":"(anonymous_3)","decl":{"start":{"line":25,"column":4},"end":{"line":25,"column":5}},"loc":{"start":{"line":25,"column":18},"end":{"line":42,"column":5}},"line":25},"4":{"name":"(anonymous_4)","decl":{"start":{"line":44,"column":4},"end":{"line":44,"column":5}},"loc":{"start":{"line":44,"column":34},"end":{"line":46,"column":5}},"line":44},"5":{"name":"(anonymous_5)","decl":{"start":{"line":45,"column":41},"end":{"line":45,"column":42}},"loc":{"start":{"line":45,"column":47},"end":{"line":45,"column":59}},"line":45},"6":{"name":"(anonymous_6)","decl":{"start":{"line":48,"column":4},"end":{"line":48,"column":5}},"loc":{"start":{"line":48,"column":14},"end":{"line":58,"column":5}},"line":48},"7":{"name":"(anonymous_7)","decl":{"start":{"line":49,"column":34},"end":{"line":49,"column":35}},"loc":{"start":{"line":49,"column":43},"end":{"line":57,"column":9}},"line":49},"8":{"name":"(anonymous_8)","decl":{"start":{"line":56,"column":20},"end":{"line":56,"column":21}},"loc":{"start":{"line":56,"column":27},"end":{"line":56,"column":37}},"line":56},"9":{"name":"(anonymous_9)","decl":{"start":{"line":60,"column":4},"end":{"line":60,"column":5}},"loc":{"start":{"line":60,"column":21},"end":{"line":75,"column":5}},"line":60},"10":{"name":"(anonymous_10)","decl":{"start":{"line":62,"column":12},"end":{"line":62,"column":13}},"loc":{"start":{"line":62,"column":30},"end":{"line":71,"column":13}},"line":62},"11":{"name":"(anonymous_11)","decl":{"start":{"line":70,"column":24},"end":{"line":70,"column":25}},"loc":{"start":{"line":70,"column":31},"end":{"line":70,"column":41}},"line":70},"12":{"name":"(anonymous_12)","decl":{"start":{"line":77,"column":4},"end":{"line":77,"column":5}},"loc":{"start":{"line":77,"column":26},"end":{"line":87,"column":5}},"line":77},"13":{"name":"(anonymous_13)","decl":{"start":{"line":79,"column":24},"end":{"line":79,"column":25}},"loc":{"start":{"line":83,"column":18},"end":{"line":85,"column":13}},"line":83}},"branchMap":{"0":{"loc":{"start":{"line":16,"column":23},"end":{"line":16,"column":82}},"type":"binary-expr","locations":[{"start":{"line":16,"column":23},"end":{"line":16,"column":43}},{"start":{"line":16,"column":47},"end":{"line":16,"column":64}},{"start":{"line":16,"column":68},"end":{"line":16,"column":82}}],"line":16}},"s":{"0":2,"1":2,"2":2,"3":8,"4":8,"5":8,"6":8,"7":211,"8":8,"9":5,"10":5,"11":5,"12":5,"13":5,"14":5,"15":0,"16":0,"17":1,"18":0,"19":0,"20":1,"21":0,"22":0,"23":1,"24":2,"25":2},"f":{"0":8,"1":211,"2":8,"3":5,"4":0,"5":0,"6":1,"7":0,"8":0,"9":1,"10":0,"11":0,"12":1,"13":2},"b":{"0":[211,181,149]},"_coverageSchema":"332fd63041d2c1bcb487cc26dd0d5f7d97098a6c","hash":"907637291835c0a27e3b00d0fbb515a730511f51"}
}
