TN:
SF:F:\Node Udemy\Advance\Project1\AdvancedNodeStarter\config\dev.js
FNF:0
FNH:0
DA:1,2
LF:1
LH:1
BRF:0
BRH:0
end_of_record
TN:
SF:F:\Node Udemy\Advance\Project1\AdvancedNodeStarter\config\keys.js
FNF:0
FNH:0
DA:1,2
DA:2,0
DA:3,2
DA:4,0
DA:6,2
LF:5
LH:3
BRDA:1,0,0,0
BRDA:1,0,1,2
BRDA:3,1,0,0
BRDA:3,1,1,2
BRF:4
BRH:2
end_of_record
TN:
SF:F:\Node Udemy\Advance\Project1\AdvancedNodeStarter\models\User.js
FNF:0
FNH:0
DA:1,2
DA:2,2
DA:4,2
DA:9,2
LF:4
LH:4
BRF:0
BRH:0
end_of_record
TN:
SF:F:\Node Udemy\Advance\Project1\AdvancedNodeStarter\tests\setup.js
FN:14,(anonymous_0)
FNF:1
FNH:1
FNDA:2,(anonymous_0)
DA:1,2
DA:3,2
DA:5,2
DA:6,2
DA:8,2
DA:9,2
DA:14,2
DA:15,2
LF:8
LH:8
BRF:0
BRH:0
end_of_record
TN:
SF:F:\Node Udemy\Advance\Project1\AdvancedNodeStarter\tests\factories\sessionFactory.js
FN:6,(anonymous_0)
FNF:1
FNH:1
FNDA:5,(anonymous_0)
DA:1,2
DA:2,2
DA:3,2
DA:4,2
DA:6,2
DA:7,5
DA:12,5
DA:14,5
DA:16,5
LF:9
LH:9
BRF:0
BRH:0
end_of_record
TN:
SF:F:\Node Udemy\Advance\Project1\AdvancedNodeStarter\tests\factories\userFactory.js
FN:4,(anonymous_0)
FNF:1
FNH:1
FNDA:5,(anonymous_0)
DA:1,2
DA:2,2
DA:4,2
DA:5,5
LF:4
LH:4
BRF:0
BRH:0
end_of_record
TN:
SF:F:\Node Udemy\Advance\Project1\AdvancedNodeStarter\tests\helpers\page.js
FN:6,(anonymous_0)
FN:15,(anonymous_1)
FN:21,(anonymous_2)
FN:25,(anonymous_3)
FN:44,(anonymous_4)
FN:45,(anonymous_5)
FN:48,(anonymous_6)
FN:49,(anonymous_7)
FN:56,(anonymous_8)
FN:60,(anonymous_9)
FN:62,(anonymous_10)
FN:70,(anonymous_11)
FN:77,(anonymous_12)
FN:79,(anonymous_13)
FNF:14
FNH:8
FNDA:8,(anonymous_0)
FNDA:211,(anonymous_1)
FNDA:8,(anonymous_2)
FNDA:5,(anonymous_3)
FNDA:0,(anonymous_4)
FNDA:0,(anonymous_5)
FNDA:1,(anonymous_6)
FNDA:0,(anonymous_7)
FNDA:0,(anonymous_8)
FNDA:1,(anonymous_9)
FNDA:0,(anonymous_10)
FNDA:0,(anonymous_11)
FNDA:1,(anonymous_12)
FNDA:2,(anonymous_13)
DA:1,2
DA:2,2
DA:3,2
DA:7,8
DA:11,8
DA:12,8
DA:14,8
DA:16,211
DA:22,8
DA:26,5
DA:30,5
DA:32,5
DA:36,5
DA:40,5
DA:41,5
DA:45,0
DA:49,1
DA:50,0
DA:56,0
DA:61,1
DA:63,0
DA:70,0
DA:78,1
DA:84,2
DA:90,2
LF:25
LH:20
BRDA:16,0,0,211
BRDA:16,0,1,181
BRDA:16,0,2,149
BRF:3
BRH:3
end_of_record
